In file included from [01m[K/home/jing/Documents/Scripts/CRTK/Flexiv_CRTK/src/flexiv_crtk/src/robot_config.hpp:7:0[m[K,
                 from [01m[K/home/jing/Documents/Scripts/CRTK/Flexiv_CRTK/src/flexiv_crtk/src/robot_states_publisher.cpp:2[m[K:
[01m[K/home/jing/Documents/Scripts/CRTK/Flexiv_CRTK/src/flexiv_crtk/src/flexiv_include/flexiv/Robot_CRTK.hpp:[m[K In member function â€˜[01m[Kvoid flexiv::Robot_CRTK::initRobotStatesPublisher()[m[Kâ€™:
[01m[K/home/jing/Documents/Scripts/CRTK/Flexiv_CRTK/src/flexiv_crtk/src/flexiv_include/flexiv/Robot_CRTK.hpp:163:28:[m[K [01;31m[Kerror: [m[Kreturn-statement with a value, in function returning 'void' [[01;31m[K-fpermissive[m[K]
                     return [01;31m[K1[m[K;
                            [01;31m[K^[m[K
[01m[K/home/jing/Documents/Scripts/CRTK/Flexiv_CRTK/src/flexiv_crtk/src/flexiv_include/flexiv/Robot_CRTK.hpp:182:20:[m[K [01;31m[Kerror: [m[Kreturn-statement with a value, in function returning 'void' [[01;31m[K-fpermissive[m[K]
             return [01;31m[K1[m[K;
                    [01;31m[K^[m[K
[01m[K/home/jing/Documents/Scripts/CRTK/Flexiv_CRTK/src/flexiv_crtk/src/flexiv_include/flexiv/Robot_CRTK.hpp:185:19:[m[K [01;31m[Kerror: [m[Kâ€˜[01m[Kargc[m[Kâ€™ was not declared in this scope
         ros::init([01;31m[Kargc[m[K, argv, "robot_states_pub_node");
                   [01;31m[K^~~~[m[K
[01m[K/home/jing/Documents/Scripts/CRTK/Flexiv_CRTK/src/flexiv_crtk/src/flexiv_include/flexiv/Robot_CRTK.hpp:185:19:[m[K [01;36m[Knote: [m[Ksuggested alternative: â€˜[01m[Kerfc[m[Kâ€™
         ros::init([01;36m[Kargc[m[K, argv, "robot_states_pub_node");
                   [01;36m[K^~~~[m[K
                   [32m[Kerfc[m[K
[01m[K/home/jing/Documents/Scripts/CRTK/Flexiv_CRTK/src/flexiv_crtk/src/flexiv_include/flexiv/Robot_CRTK.hpp:185:25:[m[K [01;31m[Kerror: [m[Kâ€˜[01m[Kargv[m[Kâ€™ was not declared in this scope
         ros::init(argc, [01;31m[Kargv[m[K, "robot_states_pub_node");
                         [01;31m[K^~~~[m[K
In file included from [01m[K/home/jing/Documents/Scripts/CRTK/Flexiv_CRTK/src/flexiv_crtk/src/robot_config.hpp:7:0[m[K,
                 from [01m[K/home/jing/Documents/Scripts/CRTK/Flexiv_CRTK/src/flexiv_crtk/src/test_main.cpp:1[m[K:
[01m[K/home/jing/Documents/Scripts/CRTK/Flexiv_CRTK/src/flexiv_crtk/src/flexiv_include/flexiv/Robot_CRTK.hpp:[m[K In member function â€˜[01m[Kvoid flexiv::Robot_CRTK::initRobotStatesPublisher()[m[Kâ€™:
[01m[K/home/jing/Documents/Scripts/CRTK/Flexiv_CRTK/src/flexiv_crtk/src/flexiv_include/flexiv/Robot_CRTK.hpp:163:28:[m[K [01;31m[Kerror: [m[Kreturn-statement with a value, in function returning 'void' [[01;31m[K-fpermissive[m[K]
                     return [01;31m[K1[m[K;
                            [01;31m[K^[m[K
[01m[K/home/jing/Documents/Scripts/CRTK/Flexiv_CRTK/src/flexiv_crtk/src/flexiv_include/flexiv/Robot_CRTK.hpp:182:20:[m[K [01;31m[Kerror: [m[Kreturn-statement with a value, in function returning 'void' [[01;31m[K-fpermissive[m[K]
             return [01;31m[K1[m[K;
                    [01;31m[K^[m[K
[01m[K/home/jing/Documents/Scripts/CRTK/Flexiv_CRTK/src/flexiv_crtk/src/flexiv_include/flexiv/Robot_CRTK.hpp:185:19:[m[K [01;31m[Kerror: [m[Kâ€˜[01m[Kargc[m[Kâ€™ was not declared in this scope
         ros::init([01;31m[Kargc[m[K, argv, "robot_states_pub_node");
                   [01;31m[K^~~~[m[K
[01m[K/home/jing/Documents/Scripts/CRTK/Flexiv_CRTK/src/flexiv_crtk/src/flexiv_include/flexiv/Robot_CRTK.hpp:185:19:[m[K [01;36m[Knote: [m[Ksuggested alternative: â€˜[01m[Kerfc[m[Kâ€™
         ros::init([01;36m[Kargc[m[K, argv, "robot_states_pub_node");
                   [01;36m[K^~~~[m[K
                   [32m[Kerfc[m[K
[01m[K/home/jing/Documents/Scripts/CRTK/Flexiv_CRTK/src/flexiv_crtk/src/flexiv_include/flexiv/Robot_CRTK.hpp:185:25:[m[K [01;31m[Kerror: [m[Kâ€˜[01m[Kargv[m[Kâ€™ was not declared in this scope
         ros::init(argc, [01;31m[Kargv[m[K, "robot_states_pub_node");
                         [01;31m[K^~~~[m[K
make[2]: *** [CMakeFiles/robot_states_publisher.dir/src/robot_states_publisher.cpp.o] Error 1
make[1]: *** [CMakeFiles/robot_states_publisher.dir/all] Error 2
make[1]: *** Waiting for unfinished jobs....
make[2]: *** [CMakeFiles/test_main.dir/src/test_main.cpp.o] Error 1
make[1]: *** [CMakeFiles/test_main.dir/all] Error 2
make: *** [all] Error 2
