In file included from [01m[K/home/jing/Documents/Scripts/CRTK/Flexiv_CRTK/src/flexiv_crtk/src/robot_config.hpp:7:0[m[K,
                 from [01m[K/home/jing/Documents/Scripts/CRTK/Flexiv_CRTK/src/flexiv_crtk/src/test_main.cpp:3[m[K:
[01m[K/home/jing/Documents/Scripts/CRTK/Flexiv_CRTK/src/flexiv_crtk/src/flexiv_include/flexiv/Robot_CRTK.hpp:[m[K In member function â€˜[01m[Kvoid flexiv::Robot_CRTK::move_jp(std::vector<double>)[m[Kâ€™:
[01m[K/home/jing/Documents/Scripts/CRTK/Flexiv_CRTK/src/flexiv_crtk/src/flexiv_include/flexiv/Robot_CRTK.hpp:127:16:[m[K [01;31m[Kerror: [m[Kâ€˜[01m[Kutility[m[Kâ€™ has not been declared
         while ([01;31m[Kutility[m[K::parsePtStates(getPrimitiveStates(), "reachedTarget") != "1") {
                [01;31m[K^~~~~~~[m[K
[01m[K/home/jing/Documents/Scripts/CRTK/Flexiv_CRTK/src/flexiv_crtk/src/flexiv_include/flexiv/Robot_CRTK.hpp:[m[K In member function â€˜[01m[Kvoid flexiv::Robot_CRTK::move_cp(std::vector<double>)[m[Kâ€™:
[01m[K/home/jing/Documents/Scripts/CRTK/Flexiv_CRTK/src/flexiv_crtk/src/flexiv_include/flexiv/Robot_CRTK.hpp:145:16:[m[K [01;31m[Kerror: [m[Kâ€˜[01m[Kutility[m[Kâ€™ has not been declared
         while ([01;31m[Kutility[m[K::parsePtStates(getPrimitiveStates(), "reachedTarget") != "1") {
                [01;31m[K^~~~~~~[m[K
make[2]: *** [CMakeFiles/test_main.dir/src/test_main.cpp.o] Error 1
make[1]: *** [CMakeFiles/test_main.dir/all] Error 2
make: *** [all] Error 2
