In file included from [01m[K/usr/include/c++/7/bits/locale_conv.h:41:0[m[K,
                 from [01m[K/usr/include/c++/7/locale:43[m[K,
                 from [01m[K/usr/include/c++/7/iomanip:43[m[K,
                 from [01m[K/usr/include/boost/math/policies/error_handling.hpp:12[m[K,
                 from [01m[K/usr/include/boost/math/special_functions/round.hpp:14[m[K,
                 from [01m[K/opt/ros/melodic/include/ros/time.h:58[m[K,
                 from [01m[K/opt/ros/melodic/include/ros/ros.h:38[m[K,
                 from [01m[K/home/jing/Documents/Scripts/CRTK/Flexiv_CRTK/src/flexiv_crtk/src/test_main.cpp:1[m[K:
/usr/include/c++/7/bits/unique_ptr.h: In instantiation of â€˜[01m[Kvoid std::default_delete<_Tp>::operator()(_Tp*) const [with _Tp = flexiv::Robot_CRTK::Impl][m[Kâ€™:
[01m[K/usr/include/c++/7/bits/unique_ptr.h:263:17:[m[K   required from â€˜[01m[Kstd::unique_ptr<_Tp, _Dp>::~unique_ptr() [with _Tp = flexiv::Robot_CRTK::Impl; _Dp = std::default_delete<flexiv::Robot_CRTK::Impl>][m[Kâ€™
[01m[K/home/jing/Documents/Scripts/CRTK/Flexiv_CRTK/src/flexiv_crtk/src/flexiv_include/flexiv/Robot_CRTK.hpp:21:97:[m[K   required from here
[01m[K/usr/include/c++/7/bits/unique_ptr.h:76:22:[m[K [01;31m[Kerror: [m[Kinvalid application of â€˜[01m[Ksizeof[m[Kâ€™ to incomplete type â€˜[01m[Kflexiv::Robot_CRTK::Impl[m[Kâ€™
  static_assert(sizeof[01;31m[K([m[K_Tp)>0,
                      [01;31m[K^[m[K
make[2]: *** [CMakeFiles/test_main.dir/src/test_main.cpp.o] Error 1
make[1]: *** [CMakeFiles/test_main.dir/all] Error 2
make: *** [all] Error 2
