In file included from [01m[K/home/jing/Documents/Scripts/CRTK/Flexiv_CRTK/src/flexiv_crtk/src/robot_config.hpp:7:0[m[K,
                 from [01m[K/home/jing/Documents/Scripts/CRTK/Flexiv_CRTK/src/flexiv_crtk/src/test_main.cpp:1[m[K:
[01m[K/home/jing/Documents/Scripts/CRTK/Flexiv_CRTK/src/flexiv_crtk/src/flexiv_include/flexiv/Robot_CRTK.hpp:[m[K In constructor â€˜[01m[Kflexiv::Robot_CRTK::Robot_CRTK(const string&, const string&, bool)[m[Kâ€™:
[01m[K/home/jing/Documents/Scripts/CRTK/Flexiv_CRTK/src/flexiv_crtk/src/flexiv_include/flexiv/Robot_CRTK.hpp:35:95:[m[K [01;31m[Kerror: [m[Klvalue required as unary â€˜[01m[K&[m[Kâ€™ operand
             timer = node_handle.createTimer(publish_period, &Robot_CRTK::publishRobotStates, &[01;31m[Kthis[m[K);
                                                                                               [01;31m[K^~~~[m[K
In file included from [01m[K/home/jing/Documents/Scripts/CRTK/Flexiv_CRTK/src/flexiv_crtk/src/robot_config.hpp:7:0[m[K,
                 from [01m[K/home/jing/Documents/Scripts/CRTK/Flexiv_CRTK/src/flexiv_crtk/src/robot_states_publisher.cpp:2[m[K:
[01m[K/home/jing/Documents/Scripts/CRTK/Flexiv_CRTK/src/flexiv_crtk/src/flexiv_include/flexiv/Robot_CRTK.hpp:[m[K In constructor â€˜[01m[Kflexiv::Robot_CRTK::Robot_CRTK(const string&, const string&, bool)[m[Kâ€™:
[01m[K/home/jing/Documents/Scripts/CRTK/Flexiv_CRTK/src/flexiv_crtk/src/flexiv_include/flexiv/Robot_CRTK.hpp:35:95:[m[K [01;31m[Kerror: [m[Klvalue required as unary â€˜[01m[K&[m[Kâ€™ operand
             timer = node_handle.createTimer(publish_period, &Robot_CRTK::publishRobotStates, &[01;31m[Kthis[m[K);
                                                                                               [01;31m[K^~~~[m[K
make[2]: *** [CMakeFiles/test_main.dir/src/test_main.cpp.o] Error 1
make[1]: *** [CMakeFiles/test_main.dir/all] Error 2
make[1]: *** Waiting for unfinished jobs....
make[2]: *** [CMakeFiles/robot_states_publisher.dir/src/robot_states_publisher.cpp.o] Error 1
make[1]: *** [CMakeFiles/robot_states_publisher.dir/all] Error 2
make: *** [all] Error 2
